Determining if the pthread_create exist failed with the following output:
Change Dir: /home/ruthz/detection_ws/build/darknet_ros_msgs/CMakeFiles/CMakeTmp

Run Build Command:"/usr/bin/make" "cmTC_b3d49/fast"
/usr/bin/make -f CMakeFiles/cmTC_b3d49.dir/build.make CMakeFiles/cmTC_b3d49.dir/build
make[1]: Entering directory '/home/ruthz/detection_ws/build/darknet_ros_msgs/CMakeFiles/CMakeTmp'
Building C object CMakeFiles/cmTC_b3d49.dir/CheckSymbolExists.c.o
/usr/bin/cc     -o CMakeFiles/cmTC_b3d49.dir/CheckSymbolExists.c.o   -c /home/ruthz/detection_ws/build/darknet_ros_msgs/CMakeFiles/CMakeTmp/CheckSymbolExists.c
Linking C executable cmTC_b3d49
/usr/bin/cmake -E cmake_link_script CMakeFiles/cmTC_b3d49.dir/link.txt --verbose=1
/usr/bin/cc       CMakeFiles/cmTC_b3d49.dir/CheckSymbolExists.c.o  -o cmTC_b3d49 -rdynamic 
CMakeFiles/cmTC_b3d49.dir/CheckSymbolExists.c.o: In function `main':
CheckSymbolExists.c:(.text+0x16): undefined reference to `pthread_create'
collect2: error: ld returned 1 exit status
CMakeFiles/cmTC_b3d49.dir/build.make:97: recipe for target 'cmTC_b3d49' failed
make[1]: *** [cmTC_b3d49] Error 1
make[1]: Leaving directory '/home/ruthz/detection_ws/build/darknet_ros_msgs/CMakeFiles/CMakeTmp'
Makefile:126: recipe for target 'cmTC_b3d49/fast' failed
make: *** [cmTC_b3d49/fast] Error 2

File /home/ruthz/detection_ws/build/darknet_ros_msgs/CMakeFiles/CMakeTmp/CheckSymbolExists.c:
/* */
#include <pthread.h>

int main(int argc, char** argv)
{
  (void)argv;
#ifndef pthread_create
  return ((int*)(&pthread_create))[argc];
#else
  (void)argc;
  return 0;
#endif
}

Determining if the function pthread_create exists in the pthreads failed with the following output:
Change Dir: /home/ruthz/detection_ws/build/darknet_ros_msgs/CMakeFiles/CMakeTmp

Run Build Command:"/usr/bin/make" "cmTC_ffe0d/fast"
/usr/bin/make -f CMakeFiles/cmTC_ffe0d.dir/build.make CMakeFiles/cmTC_ffe0d.dir/build
make[1]: Entering directory '/home/ruthz/detection_ws/build/darknet_ros_msgs/CMakeFiles/CMakeTmp'
Building C object CMakeFiles/cmTC_ffe0d.dir/CheckFunctionExists.c.o
/usr/bin/cc    -DCHECK_FUNCTION_EXISTS=pthread_create   -o CMakeFiles/cmTC_ffe0d.dir/CheckFunctionExists.c.o   -c /usr/share/cmake-3.5/Modules/CheckFunctionExists.c
Linking C executable cmTC_ffe0d
/usr/bin/cmake -E cmake_link_script CMakeFiles/cmTC_ffe0d.dir/link.txt --verbose=1
/usr/bin/cc   -DCHECK_FUNCTION_EXISTS=pthread_create    CMakeFiles/cmTC_ffe0d.dir/CheckFunctionExists.c.o  -o cmTC_ffe0d -rdynamic -lpthreads 
/usr/bin/ld: cannot find -lpthreads
collect2: error: ld returned 1 exit status
CMakeFiles/cmTC_ffe0d.dir/build.make:97: recipe for target 'cmTC_ffe0d' failed
make[1]: *** [cmTC_ffe0d] Error 1
make[1]: Leaving directory '/home/ruthz/detection_ws/build/darknet_ros_msgs/CMakeFiles/CMakeTmp'
Makefile:126: recipe for target 'cmTC_ffe0d/fast' failed
make: *** [cmTC_ffe0d/fast] Error 2


