Determining if the pthread_create exist failed with the following output:
Change Dir: /home/ruthz/detection_ws/build/obj_recognition/CMakeFiles/CMakeTmp

Run Build Command:"/usr/bin/make" "cmTC_c10af/fast"
/usr/bin/make -f CMakeFiles/cmTC_c10af.dir/build.make CMakeFiles/cmTC_c10af.dir/build
make[1]: Entering directory '/home/ruthz/detection_ws/build/obj_recognition/CMakeFiles/CMakeTmp'
Building C object CMakeFiles/cmTC_c10af.dir/CheckSymbolExists.c.o
/usr/bin/cc     -o CMakeFiles/cmTC_c10af.dir/CheckSymbolExists.c.o   -c /home/ruthz/detection_ws/build/obj_recognition/CMakeFiles/CMakeTmp/CheckSymbolExists.c
Linking C executable cmTC_c10af
/usr/bin/cmake -E cmake_link_script CMakeFiles/cmTC_c10af.dir/link.txt --verbose=1
/usr/bin/cc       CMakeFiles/cmTC_c10af.dir/CheckSymbolExists.c.o  -o cmTC_c10af -rdynamic 
CMakeFiles/cmTC_c10af.dir/CheckSymbolExists.c.o: In function `main':
CheckSymbolExists.c:(.text+0x16): undefined reference to `pthread_create'
collect2: error: ld returned 1 exit status
CMakeFiles/cmTC_c10af.dir/build.make:97: recipe for target 'cmTC_c10af' failed
make[1]: *** [cmTC_c10af] Error 1
make[1]: Leaving directory '/home/ruthz/detection_ws/build/obj_recognition/CMakeFiles/CMakeTmp'
Makefile:126: recipe for target 'cmTC_c10af/fast' failed
make: *** [cmTC_c10af/fast] Error 2

File /home/ruthz/detection_ws/build/obj_recognition/CMakeFiles/CMakeTmp/CheckSymbolExists.c:
/* */
#include <pthread.h>

int main(int argc, char** argv)
{
  (void)argv;
#ifndef pthread_create
  return ((int*)(&pthread_create))[argc];
#else
  (void)argc;
  return 0;
#endif
}

Determining if the function pthread_create exists in the pthreads failed with the following output:
Change Dir: /home/ruthz/detection_ws/build/obj_recognition/CMakeFiles/CMakeTmp

Run Build Command:"/usr/bin/make" "cmTC_d3e77/fast"
/usr/bin/make -f CMakeFiles/cmTC_d3e77.dir/build.make CMakeFiles/cmTC_d3e77.dir/build
make[1]: Entering directory '/home/ruthz/detection_ws/build/obj_recognition/CMakeFiles/CMakeTmp'
Building C object CMakeFiles/cmTC_d3e77.dir/CheckFunctionExists.c.o
/usr/bin/cc    -DCHECK_FUNCTION_EXISTS=pthread_create   -o CMakeFiles/cmTC_d3e77.dir/CheckFunctionExists.c.o   -c /usr/share/cmake-3.5/Modules/CheckFunctionExists.c
Linking C executable cmTC_d3e77
/usr/bin/cmake -E cmake_link_script CMakeFiles/cmTC_d3e77.dir/link.txt --verbose=1
/usr/bin/cc   -DCHECK_FUNCTION_EXISTS=pthread_create    CMakeFiles/cmTC_d3e77.dir/CheckFunctionExists.c.o  -o cmTC_d3e77 -rdynamic -lpthreads 
/usr/bin/ld: cannot find -lpthreads
collect2: error: ld returned 1 exit status
CMakeFiles/cmTC_d3e77.dir/build.make:97: recipe for target 'cmTC_d3e77' failed
make[1]: *** [cmTC_d3e77] Error 1
make[1]: Leaving directory '/home/ruthz/detection_ws/build/obj_recognition/CMakeFiles/CMakeTmp'
Makefile:126: recipe for target 'cmTC_d3e77/fast' failed
make: *** [cmTC_d3e77/fast] Error 2


