Linked: (/home/ruthz/detection_ws/devel/.private/obj_recognition/include/obj_recognition/DetectedObjectsArray.h, /home/ruthz/detection_ws/devel/include/obj_recognition/DetectedObjectsArray.h)
Linked: (/home/ruthz/detection_ws/devel/.private/obj_recognition/include/obj_recognition/PclConfig.h, /home/ruthz/detection_ws/devel/include/obj_recognition/PclConfig.h)
Linked: (/home/ruthz/detection_ws/devel/.private/obj_recognition/include/obj_recognition/SegmentedClustersArray.h, /home/ruthz/detection_ws/devel/include/obj_recognition/SegmentedClustersArray.h)
Linked: (/home/ruthz/detection_ws/devel/.private/obj_recognition/include/obj_recognition/GetNormalsResponse.h, /home/ruthz/detection_ws/devel/include/obj_recognition/GetNormalsResponse.h)
Linked: (/home/ruthz/detection_ws/devel/.private/obj_recognition/include/obj_recognition/DetectedObject.h, /home/ruthz/detection_ws/devel/include/obj_recognition/DetectedObject.h)
Linked: (/home/ruthz/detection_ws/devel/.private/obj_recognition/include/obj_recognition/GetNormals.h, /home/ruthz/detection_ws/devel/include/obj_recognition/GetNormals.h)
Linked: (/home/ruthz/detection_ws/devel/.private/obj_recognition/include/obj_recognition/GetNormalsRequest.h, /home/ruthz/detection_ws/devel/include/obj_recognition/GetNormalsRequest.h)
Linked: (/home/ruthz/detection_ws/devel/.private/obj_recognition/lib/python2.7/dist-packages/obj_recognition/__init__.py, /home/ruthz/detection_ws/devel/lib/python2.7/dist-packages/obj_recognition/__init__.py)
Linked: (/home/ruthz/detection_ws/devel/.private/obj_recognition/lib/python2.7/dist-packages/obj_recognition/cfg/__init__.py, /home/ruthz/detection_ws/devel/lib/python2.7/dist-packages/obj_recognition/cfg/__init__.py)
Linked: (/home/ruthz/detection_ws/devel/.private/obj_recognition/lib/python2.7/dist-packages/obj_recognition/cfg/PclConfig.py, /home/ruthz/detection_ws/devel/lib/python2.7/dist-packages/obj_recognition/cfg/PclConfig.py)
Linked: (/home/ruthz/detection_ws/devel/.private/obj_recognition/lib/python2.7/dist-packages/obj_recognition/msg/__init__.py, /home/ruthz/detection_ws/devel/lib/python2.7/dist-packages/obj_recognition/msg/__init__.py)
Linked: (/home/ruthz/detection_ws/devel/.private/obj_recognition/lib/python2.7/dist-packages/obj_recognition/msg/_DetectedObject.py, /home/ruthz/detection_ws/devel/lib/python2.7/dist-packages/obj_recognition/msg/_DetectedObject.py)
Linked: (/home/ruthz/detection_ws/devel/.private/obj_recognition/lib/python2.7/dist-packages/obj_recognition/msg/_DetectedObjectsArray.py, /home/ruthz/detection_ws/devel/lib/python2.7/dist-packages/obj_recognition/msg/_DetectedObjectsArray.py)
Linked: (/home/ruthz/detection_ws/devel/.private/obj_recognition/lib/python2.7/dist-packages/obj_recognition/msg/_SegmentedClustersArray.py, /home/ruthz/detection_ws/devel/lib/python2.7/dist-packages/obj_recognition/msg/_SegmentedClustersArray.py)
Linked: (/home/ruthz/detection_ws/devel/.private/obj_recognition/lib/python2.7/dist-packages/obj_recognition/srv/__init__.py, /home/ruthz/detection_ws/devel/lib/python2.7/dist-packages/obj_recognition/srv/__init__.py)
Linked: (/home/ruthz/detection_ws/devel/.private/obj_recognition/lib/python2.7/dist-packages/obj_recognition/srv/_GetNormals.py, /home/ruthz/detection_ws/devel/lib/python2.7/dist-packages/obj_recognition/srv/_GetNormals.py)
Linked: (/home/ruthz/detection_ws/devel/.private/obj_recognition/lib/obj_recognition/obj_recognition_filtering, /home/ruthz/detection_ws/devel/lib/obj_recognition/obj_recognition_filtering)
Linked: (/home/ruthz/detection_ws/devel/.private/obj_recognition/lib/obj_recognition/obj_recognition_cloud_transformer, /home/ruthz/detection_ws/devel/lib/obj_recognition/obj_recognition_cloud_transformer)
Linked: (/home/ruthz/detection_ws/devel/.private/obj_recognition/lib/obj_recognition/obj_recognition_feature_extractor, /home/ruthz/detection_ws/devel/lib/obj_recognition/obj_recognition_feature_extractor)
Linked: (/home/ruthz/detection_ws/devel/.private/obj_recognition/lib/obj_recognition/obj_recognition_segmentation, /home/ruthz/detection_ws/devel/lib/obj_recognition/obj_recognition_segmentation)
Linked: (/home/ruthz/detection_ws/devel/.private/obj_recognition/lib/pkgconfig/obj_recognition.pc, /home/ruthz/detection_ws/devel/lib/pkgconfig/obj_recognition.pc)
Linked: (/home/ruthz/detection_ws/devel/.private/obj_recognition/share/roseus/ros/obj_recognition/manifest.l, /home/ruthz/detection_ws/devel/share/roseus/ros/obj_recognition/manifest.l)
Linked: (/home/ruthz/detection_ws/devel/.private/obj_recognition/share/roseus/ros/obj_recognition/msg/SegmentedClustersArray.l, /home/ruthz/detection_ws/devel/share/roseus/ros/obj_recognition/msg/SegmentedClustersArray.l)
Linked: (/home/ruthz/detection_ws/devel/.private/obj_recognition/share/roseus/ros/obj_recognition/msg/DetectedObject.l, /home/ruthz/detection_ws/devel/share/roseus/ros/obj_recognition/msg/DetectedObject.l)
Linked: (/home/ruthz/detection_ws/devel/.private/obj_recognition/share/roseus/ros/obj_recognition/msg/DetectedObjectsArray.l, /home/ruthz/detection_ws/devel/share/roseus/ros/obj_recognition/msg/DetectedObjectsArray.l)
Linked: (/home/ruthz/detection_ws/devel/.private/obj_recognition/share/roseus/ros/obj_recognition/srv/GetNormals.l, /home/ruthz/detection_ws/devel/share/roseus/ros/obj_recognition/srv/GetNormals.l)
Linked: (/home/ruthz/detection_ws/devel/.private/obj_recognition/share/gennodejs/ros/obj_recognition/_index.js, /home/ruthz/detection_ws/devel/share/gennodejs/ros/obj_recognition/_index.js)
Linked: (/home/ruthz/detection_ws/devel/.private/obj_recognition/share/gennodejs/ros/obj_recognition/msg/SegmentedClustersArray.js, /home/ruthz/detection_ws/devel/share/gennodejs/ros/obj_recognition/msg/SegmentedClustersArray.js)
Linked: (/home/ruthz/detection_ws/devel/.private/obj_recognition/share/gennodejs/ros/obj_recognition/msg/_index.js, /home/ruthz/detection_ws/devel/share/gennodejs/ros/obj_recognition/msg/_index.js)
Linked: (/home/ruthz/detection_ws/devel/.private/obj_recognition/share/gennodejs/ros/obj_recognition/msg/DetectedObjectsArray.js, /home/ruthz/detection_ws/devel/share/gennodejs/ros/obj_recognition/msg/DetectedObjectsArray.js)
Linked: (/home/ruthz/detection_ws/devel/.private/obj_recognition/share/gennodejs/ros/obj_recognition/msg/DetectedObject.js, /home/ruthz/detection_ws/devel/share/gennodejs/ros/obj_recognition/msg/DetectedObject.js)
Linked: (/home/ruthz/detection_ws/devel/.private/obj_recognition/share/gennodejs/ros/obj_recognition/srv/_index.js, /home/ruthz/detection_ws/devel/share/gennodejs/ros/obj_recognition/srv/_index.js)
Linked: (/home/ruthz/detection_ws/devel/.private/obj_recognition/share/gennodejs/ros/obj_recognition/srv/GetNormals.js, /home/ruthz/detection_ws/devel/share/gennodejs/ros/obj_recognition/srv/GetNormals.js)
Linked: (/home/ruthz/detection_ws/devel/.private/obj_recognition/share/obj_recognition/cmake/obj_recognition-msg-extras.cmake, /home/ruthz/detection_ws/devel/share/obj_recognition/cmake/obj_recognition-msg-extras.cmake)
Linked: (/home/ruthz/detection_ws/devel/.private/obj_recognition/share/obj_recognition/cmake/obj_recognitionConfig-version.cmake, /home/ruthz/detection_ws/devel/share/obj_recognition/cmake/obj_recognitionConfig-version.cmake)
Linked: (/home/ruthz/detection_ws/devel/.private/obj_recognition/share/obj_recognition/cmake/obj_recognitionConfig.cmake, /home/ruthz/detection_ws/devel/share/obj_recognition/cmake/obj_recognitionConfig.cmake)
Linked: (/home/ruthz/detection_ws/devel/.private/obj_recognition/share/obj_recognition/cmake/obj_recognition-msg-paths.cmake, /home/ruthz/detection_ws/devel/share/obj_recognition/cmake/obj_recognition-msg-paths.cmake)
Linked: (/home/ruthz/detection_ws/devel/.private/obj_recognition/share/obj_recognition/docs/PclConfig.wikidoc, /home/ruthz/detection_ws/devel/share/obj_recognition/docs/PclConfig.wikidoc)
Linked: (/home/ruthz/detection_ws/devel/.private/obj_recognition/share/obj_recognition/docs/PclConfig.dox, /home/ruthz/detection_ws/devel/share/obj_recognition/docs/PclConfig.dox)
Linked: (/home/ruthz/detection_ws/devel/.private/obj_recognition/share/obj_recognition/docs/PclConfig-usage.dox, /home/ruthz/detection_ws/devel/share/obj_recognition/docs/PclConfig-usage.dox)
Linked: (/home/ruthz/detection_ws/devel/.private/obj_recognition/share/common-lisp/ros/obj_recognition/msg/DetectedObject.lisp, /home/ruthz/detection_ws/devel/share/common-lisp/ros/obj_recognition/msg/DetectedObject.lisp)
Linked: (/home/ruthz/detection_ws/devel/.private/obj_recognition/share/common-lisp/ros/obj_recognition/msg/_package_DetectedObjectsArray.lisp, /home/ruthz/detection_ws/devel/share/common-lisp/ros/obj_recognition/msg/_package_DetectedObjectsArray.lisp)
Linked: (/home/ruthz/detection_ws/devel/.private/obj_recognition/share/common-lisp/ros/obj_recognition/msg/SegmentedClustersArray.lisp, /home/ruthz/detection_ws/devel/share/common-lisp/ros/obj_recognition/msg/SegmentedClustersArray.lisp)
Linked: (/home/ruthz/detection_ws/devel/.private/obj_recognition/share/common-lisp/ros/obj_recognition/msg/DetectedObjectsArray.lisp, /home/ruthz/detection_ws/devel/share/common-lisp/ros/obj_recognition/msg/DetectedObjectsArray.lisp)
Linked: (/home/ruthz/detection_ws/devel/.private/obj_recognition/share/common-lisp/ros/obj_recognition/msg/_package.lisp, /home/ruthz/detection_ws/devel/share/common-lisp/ros/obj_recognition/msg/_package.lisp)
Linked: (/home/ruthz/detection_ws/devel/.private/obj_recognition/share/common-lisp/ros/obj_recognition/msg/_package_DetectedObject.lisp, /home/ruthz/detection_ws/devel/share/common-lisp/ros/obj_recognition/msg/_package_DetectedObject.lisp)
Linked: (/home/ruthz/detection_ws/devel/.private/obj_recognition/share/common-lisp/ros/obj_recognition/msg/obj_recognition-msg.asd, /home/ruthz/detection_ws/devel/share/common-lisp/ros/obj_recognition/msg/obj_recognition-msg.asd)
Linked: (/home/ruthz/detection_ws/devel/.private/obj_recognition/share/common-lisp/ros/obj_recognition/msg/_package_SegmentedClustersArray.lisp, /home/ruthz/detection_ws/devel/share/common-lisp/ros/obj_recognition/msg/_package_SegmentedClustersArray.lisp)
Linked: (/home/ruthz/detection_ws/devel/.private/obj_recognition/share/common-lisp/ros/obj_recognition/srv/_package.lisp, /home/ruthz/detection_ws/devel/share/common-lisp/ros/obj_recognition/srv/_package.lisp)
Linked: (/home/ruthz/detection_ws/devel/.private/obj_recognition/share/common-lisp/ros/obj_recognition/srv/obj_recognition-srv.asd, /home/ruthz/detection_ws/devel/share/common-lisp/ros/obj_recognition/srv/obj_recognition-srv.asd)
Linked: (/home/ruthz/detection_ws/devel/.private/obj_recognition/share/common-lisp/ros/obj_recognition/srv/GetNormals.lisp, /home/ruthz/detection_ws/devel/share/common-lisp/ros/obj_recognition/srv/GetNormals.lisp)
Linked: (/home/ruthz/detection_ws/devel/.private/obj_recognition/share/common-lisp/ros/obj_recognition/srv/_package_GetNormals.lisp, /home/ruthz/detection_ws/devel/share/common-lisp/ros/obj_recognition/srv/_package_GetNormals.lisp)
