Symlinking /home/ruthz/detection_ws/devel/include/obj_recognition/DetectedObjectsArray.h
Symlinking /home/ruthz/detection_ws/devel/include/obj_recognition/PclConfig.h
Symlinking /home/ruthz/detection_ws/devel/include/obj_recognition/SegmentedClustersArray.h
Symlinking /home/ruthz/detection_ws/devel/include/obj_recognition/GetNormalsResponse.h
Symlinking /home/ruthz/detection_ws/devel/include/obj_recognition/DetectedObject.h
Symlinking /home/ruthz/detection_ws/devel/include/obj_recognition/GetNormals.h
Symlinking /home/ruthz/detection_ws/devel/include/obj_recognition/GetNormalsRequest.h
Symlinking /home/ruthz/detection_ws/devel/lib/python2.7/dist-packages/obj_recognition/__init__.py
Symlinking /home/ruthz/detection_ws/devel/lib/python2.7/dist-packages/obj_recognition/cfg/__init__.py
Symlinking /home/ruthz/detection_ws/devel/lib/python2.7/dist-packages/obj_recognition/cfg/PclConfig.py
Symlinking /home/ruthz/detection_ws/devel/lib/python2.7/dist-packages/obj_recognition/msg/__init__.py
Symlinking /home/ruthz/detection_ws/devel/lib/python2.7/dist-packages/obj_recognition/msg/_DetectedObject.py
Symlinking /home/ruthz/detection_ws/devel/lib/python2.7/dist-packages/obj_recognition/msg/_DetectedObjectsArray.py
Symlinking /home/ruthz/detection_ws/devel/lib/python2.7/dist-packages/obj_recognition/msg/_SegmentedClustersArray.py
Symlinking /home/ruthz/detection_ws/devel/lib/python2.7/dist-packages/obj_recognition/srv/__init__.py
Symlinking /home/ruthz/detection_ws/devel/lib/python2.7/dist-packages/obj_recognition/srv/_GetNormals.py
Symlinking /home/ruthz/detection_ws/devel/lib/obj_recognition/obj_recognition_filtering
Symlinking /home/ruthz/detection_ws/devel/lib/obj_recognition/obj_recognition_cloud_transformer
Symlinking /home/ruthz/detection_ws/devel/lib/obj_recognition/obj_recognition_feature_extractor
Symlinking /home/ruthz/detection_ws/devel/lib/obj_recognition/obj_recognition_segmentation
Symlinking /home/ruthz/detection_ws/devel/lib/pkgconfig/obj_recognition.pc
Symlinking /home/ruthz/detection_ws/devel/share/roseus/ros/obj_recognition/manifest.l
Symlinking /home/ruthz/detection_ws/devel/share/roseus/ros/obj_recognition/msg/SegmentedClustersArray.l
Symlinking /home/ruthz/detection_ws/devel/share/roseus/ros/obj_recognition/msg/DetectedObject.l
Symlinking /home/ruthz/detection_ws/devel/share/roseus/ros/obj_recognition/msg/DetectedObjectsArray.l
Symlinking /home/ruthz/detection_ws/devel/share/roseus/ros/obj_recognition/srv/GetNormals.l
Symlinking /home/ruthz/detection_ws/devel/share/gennodejs/ros/obj_recognition/_index.js
Symlinking /home/ruthz/detection_ws/devel/share/gennodejs/ros/obj_recognition/msg/SegmentedClustersArray.js
Symlinking /home/ruthz/detection_ws/devel/share/gennodejs/ros/obj_recognition/msg/_index.js
Symlinking /home/ruthz/detection_ws/devel/share/gennodejs/ros/obj_recognition/msg/DetectedObjectsArray.js
Symlinking /home/ruthz/detection_ws/devel/share/gennodejs/ros/obj_recognition/msg/DetectedObject.js
Symlinking /home/ruthz/detection_ws/devel/share/gennodejs/ros/obj_recognition/srv/_index.js
Symlinking /home/ruthz/detection_ws/devel/share/gennodejs/ros/obj_recognition/srv/GetNormals.js
Symlinking /home/ruthz/detection_ws/devel/share/obj_recognition/cmake/obj_recognition-msg-extras.cmake
Symlinking /home/ruthz/detection_ws/devel/share/obj_recognition/cmake/obj_recognitionConfig-version.cmake
Symlinking /home/ruthz/detection_ws/devel/share/obj_recognition/cmake/obj_recognitionConfig.cmake
Symlinking /home/ruthz/detection_ws/devel/share/obj_recognition/cmake/obj_recognition-msg-paths.cmake
Symlinking /home/ruthz/detection_ws/devel/share/obj_recognition/docs/PclConfig.wikidoc
Symlinking /home/ruthz/detection_ws/devel/share/obj_recognition/docs/PclConfig.dox
Symlinking /home/ruthz/detection_ws/devel/share/obj_recognition/docs/PclConfig-usage.dox
Symlinking /home/ruthz/detection_ws/devel/share/common-lisp/ros/obj_recognition/msg/DetectedObject.lisp
Symlinking /home/ruthz/detection_ws/devel/share/common-lisp/ros/obj_recognition/msg/_package_DetectedObjectsArray.lisp
Symlinking /home/ruthz/detection_ws/devel/share/common-lisp/ros/obj_recognition/msg/SegmentedClustersArray.lisp
Symlinking /home/ruthz/detection_ws/devel/share/common-lisp/ros/obj_recognition/msg/DetectedObjectsArray.lisp
Symlinking /home/ruthz/detection_ws/devel/share/common-lisp/ros/obj_recognition/msg/_package.lisp
Symlinking /home/ruthz/detection_ws/devel/share/common-lisp/ros/obj_recognition/msg/_package_DetectedObject.lisp
Symlinking /home/ruthz/detection_ws/devel/share/common-lisp/ros/obj_recognition/msg/obj_recognition-msg.asd
Symlinking /home/ruthz/detection_ws/devel/share/common-lisp/ros/obj_recognition/msg/_package_SegmentedClustersArray.lisp
Symlinking /home/ruthz/detection_ws/devel/share/common-lisp/ros/obj_recognition/srv/_package.lisp
Symlinking /home/ruthz/detection_ws/devel/share/common-lisp/ros/obj_recognition/srv/obj_recognition-srv.asd
Symlinking /home/ruthz/detection_ws/devel/share/common-lisp/ros/obj_recognition/srv/GetNormals.lisp
Symlinking /home/ruthz/detection_ws/devel/share/common-lisp/ros/obj_recognition/srv/_package_GetNormals.lisp
