[  0%] Built target std_msgs_generate_messages_lisp
[  0%] Built target std_msgs_generate_messages_py
[  0%] Built target sensor_msgs_generate_messages_lisp
[  0%] Built target sensor_msgs_generate_messages_py
[  3%] Built target obj_recognition_gencfg
[  3%] Built target std_msgs_generate_messages_nodejs
[  3%] Built target nodelet_generate_messages_py
[  3%] Built target roscpp_generate_messages_cpp
[  3%] Built target nodelet_generate_messages_nodejs
[  3%] Built target rosgraph_msgs_generate_messages_nodejs
[  3%] Built target _obj_recognition_generate_messages_check_deps_SegmentedClustersArray
[  3%] Built target _obj_recognition_generate_messages_check_deps_GetNormals
[  3%] Built target _obj_recognition_generate_messages_check_deps_DetectedObjectsArray
[  3%] Built target _obj_recognition_generate_messages_check_deps_DetectedObject
[  3%] Built target geometry_msgs_generate_messages_cpp
[  3%] Built target sensor_msgs_generate_messages_eus
[  3%] Built target sensor_msgs_generate_messages_nodejs
[  3%] Built target actionlib_generate_messages_nodejs
[  3%] Built target std_msgs_generate_messages_cpp
[  3%] Built target roscpp_generate_messages_py
[  3%] Built target nodelet_generate_messages_lisp
[  3%] Built target geometry_msgs_generate_messages_py
[  3%] Built target geometry_msgs_generate_messages_lisp
[  3%] Built target bond_generate_messages_py
[  3%] Built target std_srvs_generate_messages_lisp
[  3%] Built target tf2_msgs_generate_messages_nodejs
[  3%] Built target std_srvs_generate_messages_nodejs
[  3%] Built target roscpp_generate_messages_eus
[  3%] Built target bond_generate_messages_eus
[  3%] Built target pcl_msgs_generate_messages_nodejs
[  3%] Built target dynamic_reconfigure_generate_messages_cpp
[  3%] Built target tf_generate_messages_lisp
[  3%] Built target rosgraph_msgs_generate_messages_lisp
[  3%] Built target actionlib_msgs_generate_messages_cpp
[  3%] Built target geometry_msgs_generate_messages_nodejs
[  3%] Built target std_srvs_generate_messages_eus
[  3%] Built target geometry_msgs_generate_messages_eus
[  3%] Built target tf_generate_messages_cpp
[  3%] Built target tf2_msgs_generate_messages_eus
[  3%] Built target pcl_ros_gencfg
[  3%] Built target dynamic_reconfigure_gencfg
[  3%] Built target rosgraph_msgs_generate_messages_cpp
[  3%] Built target pcl_msgs_generate_messages_eus
[  3%] Built target pcl_msgs_generate_messages_lisp
[  3%] Built target roscpp_generate_messages_lisp
[  3%] Built target dynamic_reconfigure_generate_messages_lisp
[  3%] Built target tf_generate_messages_nodejs
[  3%] Built target std_srvs_generate_messages_py
[  3%] Built target rosgraph_msgs_generate_messages_eus
[  3%] Built target dynamic_reconfigure_generate_messages_nodejs
[  3%] Built target nodelet_generate_messages_cpp
[  3%] Built target sensor_msgs_generate_messages_cpp
[  3%] Built target actionlib_generate_messages_cpp
[  3%] Built target roscpp_generate_messages_nodejs
[  3%] Built target rosgraph_msgs_generate_messages_py
[  3%] Built target dynamic_reconfigure_generate_messages_eus
[  3%] Built target bond_generate_messages_cpp
[  3%] Built target bond_generate_messages_lisp
[  3%] Built target bond_generate_messages_nodejs
[  3%] Built target pcl_msgs_generate_messages_py
[  3%] Built target nodelet_generate_messages_eus
[  3%] Built target topic_tools_generate_messages_cpp
[  3%] Built target nodelet_topic_tools_gencfg
[  3%] Built target pcl_msgs_generate_messages_cpp
[  3%] Built target topic_tools_generate_messages_eus
[  3%] Built target topic_tools_generate_messages_lisp
[  3%] Built target std_srvs_generate_messages_cpp
[ 15%] Built target obj_recognition_generate_messages_nodejs
[ 15%] Built target actionlib_msgs_generate_messages_nodejs
[ 15%] Built target topic_tools_generate_messages_py
[ 15%] Built target tf2_msgs_generate_messages_py
[ 15%] Built target topic_tools_generate_messages_nodejs
[ 15%] Built target tf_generate_messages_eus
[ 15%] Built target tf_generate_messages_py
[ 15%] Built target std_msgs_generate_messages_eus
[ 15%] Built target actionlib_generate_messages_eus
[ 15%] Built target dynamic_reconfigure_generate_messages_py
[ 15%] Built target actionlib_msgs_generate_messages_lisp
[ 15%] Built target actionlib_msgs_generate_messages_eus
[ 15%] Built target actionlib_generate_messages_lisp
[ 15%] Built target actionlib_msgs_generate_messages_py
[ 15%] Built target actionlib_generate_messages_py
[ 15%] Built target tf2_msgs_generate_messages_cpp
[ 15%] Built target tf2_msgs_generate_messages_lisp
[ 28%] Built target obj_recognition_generate_messages_lisp
[ 46%] Built target obj_recognition_generate_messages_py
[ 59%] Built target obj_recognition_generate_messages_cpp
[ 75%] Built target obj_recognition_generate_messages_eus
[ 75%] Built target obj_recognition_generate_messages
[ 81%] Built target obj_recognition_cloud_transformer
[ 87%] Built target obj_recognition_filtering
[ 93%] Built target obj_recognition_feature_extractor
[100%] Built target obj_recognition_segmentation
