Symlinking /home/ruthz/detection_ws/devel/include/darknet_ros_msgs/CheckForObjectsFeedback.h
Symlinking /home/ruthz/detection_ws/devel/include/darknet_ros_msgs/CheckForObjectsActionResult.h
Symlinking /home/ruthz/detection_ws/devel/include/darknet_ros_msgs/CheckForObjectsActionFeedback.h
Symlinking /home/ruthz/detection_ws/devel/include/darknet_ros_msgs/BoundingBoxes.h
Symlinking /home/ruthz/detection_ws/devel/include/darknet_ros_msgs/CheckForObjectsGoal.h
Symlinking /home/ruthz/detection_ws/devel/include/darknet_ros_msgs/CheckForObjectsActionGoal.h
Symlinking /home/ruthz/detection_ws/devel/include/darknet_ros_msgs/CheckForObjectsResult.h
Symlinking /home/ruthz/detection_ws/devel/include/darknet_ros_msgs/CheckForObjectsAction.h
Symlinking /home/ruthz/detection_ws/devel/include/darknet_ros_msgs/BoundingBox.h
Symlinking /home/ruthz/detection_ws/devel/lib/python2.7/dist-packages/darknet_ros_msgs/__init__.py
Symlinking /home/ruthz/detection_ws/devel/lib/python2.7/dist-packages/darknet_ros_msgs/msg/_CheckForObjectsActionFeedback.py
Symlinking /home/ruthz/detection_ws/devel/lib/python2.7/dist-packages/darknet_ros_msgs/msg/_BoundingBox.py
Symlinking /home/ruthz/detection_ws/devel/lib/python2.7/dist-packages/darknet_ros_msgs/msg/__init__.py
Symlinking /home/ruthz/detection_ws/devel/lib/python2.7/dist-packages/darknet_ros_msgs/msg/_CheckForObjectsActionResult.py
Symlinking /home/ruthz/detection_ws/devel/lib/python2.7/dist-packages/darknet_ros_msgs/msg/_CheckForObjectsResult.py
Symlinking /home/ruthz/detection_ws/devel/lib/python2.7/dist-packages/darknet_ros_msgs/msg/_CheckForObjectsAction.py
Symlinking /home/ruthz/detection_ws/devel/lib/python2.7/dist-packages/darknet_ros_msgs/msg/_CheckForObjectsGoal.py
Symlinking /home/ruthz/detection_ws/devel/lib/python2.7/dist-packages/darknet_ros_msgs/msg/_BoundingBoxes.py
Symlinking /home/ruthz/detection_ws/devel/lib/python2.7/dist-packages/darknet_ros_msgs/msg/_CheckForObjectsFeedback.py
Symlinking /home/ruthz/detection_ws/devel/lib/python2.7/dist-packages/darknet_ros_msgs/msg/_CheckForObjectsActionGoal.py
Symlinking /home/ruthz/detection_ws/devel/lib/pkgconfig/darknet_ros_msgs.pc
Symlinking /home/ruthz/detection_ws/devel/share/roseus/ros/darknet_ros_msgs/manifest.l
Symlinking /home/ruthz/detection_ws/devel/share/roseus/ros/darknet_ros_msgs/msg/CheckForObjectsActionResult.l
Symlinking /home/ruthz/detection_ws/devel/share/roseus/ros/darknet_ros_msgs/msg/CheckForObjectsActionGoal.l
Symlinking /home/ruthz/detection_ws/devel/share/roseus/ros/darknet_ros_msgs/msg/CheckForObjectsActionFeedback.l
Symlinking /home/ruthz/detection_ws/devel/share/roseus/ros/darknet_ros_msgs/msg/CheckForObjectsFeedback.l
Symlinking /home/ruthz/detection_ws/devel/share/roseus/ros/darknet_ros_msgs/msg/CheckForObjectsGoal.l
Symlinking /home/ruthz/detection_ws/devel/share/roseus/ros/darknet_ros_msgs/msg/CheckForObjectsAction.l
Symlinking /home/ruthz/detection_ws/devel/share/roseus/ros/darknet_ros_msgs/msg/BoundingBox.l
Symlinking /home/ruthz/detection_ws/devel/share/roseus/ros/darknet_ros_msgs/msg/CheckForObjectsResult.l
Symlinking /home/ruthz/detection_ws/devel/share/roseus/ros/darknet_ros_msgs/msg/BoundingBoxes.l
Symlinking /home/ruthz/detection_ws/devel/share/gennodejs/ros/darknet_ros_msgs/_index.js
Symlinking /home/ruthz/detection_ws/devel/share/gennodejs/ros/darknet_ros_msgs/msg/CheckForObjectsAction.js
Symlinking /home/ruthz/detection_ws/devel/share/gennodejs/ros/darknet_ros_msgs/msg/BoundingBoxes.js
Symlinking /home/ruthz/detection_ws/devel/share/gennodejs/ros/darknet_ros_msgs/msg/BoundingBox.js
Symlinking /home/ruthz/detection_ws/devel/share/gennodejs/ros/darknet_ros_msgs/msg/_index.js
Symlinking /home/ruthz/detection_ws/devel/share/gennodejs/ros/darknet_ros_msgs/msg/CheckForObjectsActionResult.js
Symlinking /home/ruthz/detection_ws/devel/share/gennodejs/ros/darknet_ros_msgs/msg/CheckForObjectsResult.js
Symlinking /home/ruthz/detection_ws/devel/share/gennodejs/ros/darknet_ros_msgs/msg/CheckForObjectsGoal.js
Symlinking /home/ruthz/detection_ws/devel/share/gennodejs/ros/darknet_ros_msgs/msg/CheckForObjectsFeedback.js
Symlinking /home/ruthz/detection_ws/devel/share/gennodejs/ros/darknet_ros_msgs/msg/CheckForObjectsActionGoal.js
Symlinking /home/ruthz/detection_ws/devel/share/gennodejs/ros/darknet_ros_msgs/msg/CheckForObjectsActionFeedback.js
Symlinking /home/ruthz/detection_ws/devel/share/darknet_ros_msgs/cmake/darknet_ros_msgsConfig-version.cmake
Symlinking /home/ruthz/detection_ws/devel/share/darknet_ros_msgs/cmake/darknet_ros_msgsConfig.cmake
Symlinking /home/ruthz/detection_ws/devel/share/darknet_ros_msgs/cmake/darknet_ros_msgs-msg-paths.cmake
Symlinking /home/ruthz/detection_ws/devel/share/darknet_ros_msgs/cmake/darknet_ros_msgs-msg-extras.cmake
Symlinking /home/ruthz/detection_ws/devel/share/darknet_ros_msgs/msg/CheckForObjectsResult.msg
Symlinking /home/ruthz/detection_ws/devel/share/darknet_ros_msgs/msg/CheckForObjectsActionGoal.msg
Symlinking /home/ruthz/detection_ws/devel/share/darknet_ros_msgs/msg/CheckForObjectsActionFeedback.msg
Symlinking /home/ruthz/detection_ws/devel/share/darknet_ros_msgs/msg/CheckForObjectsActionResult.msg
Symlinking /home/ruthz/detection_ws/devel/share/darknet_ros_msgs/msg/CheckForObjectsFeedback.msg
Symlinking /home/ruthz/detection_ws/devel/share/darknet_ros_msgs/msg/CheckForObjectsAction.msg
Symlinking /home/ruthz/detection_ws/devel/share/darknet_ros_msgs/msg/CheckForObjectsGoal.msg
Symlinking /home/ruthz/detection_ws/devel/share/common-lisp/ros/darknet_ros_msgs/msg/_package_CheckForObjectsFeedback.lisp
Symlinking /home/ruthz/detection_ws/devel/share/common-lisp/ros/darknet_ros_msgs/msg/_package_CheckForObjectsAction.lisp
Symlinking /home/ruthz/detection_ws/devel/share/common-lisp/ros/darknet_ros_msgs/msg/CheckForObjectsActionGoal.lisp
Symlinking /home/ruthz/detection_ws/devel/share/common-lisp/ros/darknet_ros_msgs/msg/darknet_ros_msgs-msg.asd
Symlinking /home/ruthz/detection_ws/devel/share/common-lisp/ros/darknet_ros_msgs/msg/BoundingBoxes.lisp
Symlinking /home/ruthz/detection_ws/devel/share/common-lisp/ros/darknet_ros_msgs/msg/CheckForObjectsGoal.lisp
Symlinking /home/ruthz/detection_ws/devel/share/common-lisp/ros/darknet_ros_msgs/msg/CheckForObjectsAction.lisp
Symlinking /home/ruthz/detection_ws/devel/share/common-lisp/ros/darknet_ros_msgs/msg/_package.lisp
Symlinking /home/ruthz/detection_ws/devel/share/common-lisp/ros/darknet_ros_msgs/msg/_package_CheckForObjectsResult.lisp
Symlinking /home/ruthz/detection_ws/devel/share/common-lisp/ros/darknet_ros_msgs/msg/CheckForObjectsActionFeedback.lisp
Symlinking /home/ruthz/detection_ws/devel/share/common-lisp/ros/darknet_ros_msgs/msg/_package_BoundingBox.lisp
Symlinking /home/ruthz/detection_ws/devel/share/common-lisp/ros/darknet_ros_msgs/msg/CheckForObjectsResult.lisp
Symlinking /home/ruthz/detection_ws/devel/share/common-lisp/ros/darknet_ros_msgs/msg/_package_CheckForObjectsGoal.lisp
Symlinking /home/ruthz/detection_ws/devel/share/common-lisp/ros/darknet_ros_msgs/msg/CheckForObjectsFeedback.lisp
Symlinking /home/ruthz/detection_ws/devel/share/common-lisp/ros/darknet_ros_msgs/msg/_package_CheckForObjectsActionGoal.lisp
Symlinking /home/ruthz/detection_ws/devel/share/common-lisp/ros/darknet_ros_msgs/msg/_package_CheckForObjectsActionFeedback.lisp
Symlinking /home/ruthz/detection_ws/devel/share/common-lisp/ros/darknet_ros_msgs/msg/_package_CheckForObjectsActionResult.lisp
Symlinking /home/ruthz/detection_ws/devel/share/common-lisp/ros/darknet_ros_msgs/msg/BoundingBox.lisp
Symlinking /home/ruthz/detection_ws/devel/share/common-lisp/ros/darknet_ros_msgs/msg/_package_BoundingBoxes.lisp
Symlinking /home/ruthz/detection_ws/devel/share/common-lisp/ros/darknet_ros_msgs/msg/CheckForObjectsActionResult.lisp
